[debug] [2020-04-12T11:43:01.904Z] ----------------------------------------------------------------------
[debug] [2020-04-12T11:43:01.907Z] Command:       C:\Program Files\nodejs\node.exe C:\Users\joann\AppData\Roaming\npm\node_modules\firebase-tools\lib\bin\firebase.js deploy
[debug] [2020-04-12T11:43:01.908Z] CLI Version:   7.16.2
[debug] [2020-04-12T11:43:01.908Z] Platform:      win32
[debug] [2020-04-12T11:43:01.908Z] Node Version:  v12.14.1
[debug] [2020-04-12T11:43:01.910Z] Time:          Sun Apr 12 2020 13:43:01 GMT+0200 (GMT+02:00)
[debug] [2020-04-12T11:43:01.910Z] ----------------------------------------------------------------------
[debug] [2020-04-12T11:43:01.910Z]
[debug] [2020-04-12T11:43:01.923Z] > command requires scopes: ["email","openid","https://www.googleapis.com/auth/cloudplatformprojects.readonly","https://www.googleapis.com/auth/firebase","https://www.googleapis.com/auth/cloud-platform"]
[debug] [2020-04-12T11:43:01.924Z] > authorizing via signed-in user
[debug] [2020-04-12T11:43:01.924Z] [iam] checking project solfran-d9446 for permissions ["cloudfunctions.functions.create","cloudfunctions.functions.delete","cloudfunctions.functions.get","cloudfunctions.functions.list","cloudfunctions.functions.update","cloudfunctions.operations.get","datastore.indexes.create","datastore.indexes.delete","datastore.indexes.list","datastore.indexes.update","firebase.projects.get","firebasehosting.sites.update"]
[debug] [2020-04-12T11:43:01.929Z] >>> HTTP REQUEST POST https://cloudresourcemanager.googleapis.com/v1/projects/solfran-d9446:testIamPermissions

[debug] [2020-04-12T11:43:03.218Z] <<< HTTP RESPONSE 200
[debug] [2020-04-12T11:43:03.226Z] >>> HTTP REQUEST GET https://firebase.googleapis.com/v1beta1/projects/solfran-d9446

[debug] [2020-04-12T11:43:03.984Z] <<< HTTP RESPONSE 200
[info]
[info] === Deploying to 'solfran-d9446'...
[info]
[info] i  deploying firestore, functions, hosting
[info] Running command: npm --prefix "$RESOURCE_DIR" run lint
[info] +  functions: Finished running predeploy script.
[info] i  firestore: reading indexes from firestore.indexes.json...
[info] i  cloud.firestore: checking firestore.rules for compilation errors...
[debug] [2020-04-12T11:43:11.797Z] >>> HTTP REQUEST POST https://firebaserules.googleapis.com/v1/projects/solfran-d9446:test

[debug] [2020-04-12T11:43:13.642Z] <<< HTTP RESPONSE 200
[info] +  cloud.firestore: rules file firestore.rules compiled successfully
[debug] [2020-04-12T11:43:13.649Z] > [functions] package.json contents: {
  "name": "functions",
  "description": "Cloud Functions for Firebase",
  "scripts": {
    "lint": "eslint .",
    "serve": "firebase emulators:start --only functions",
    "shell": "firebase functions:shell",
    "start": "npm run shell",
    "deploy": "firebase deploy --only functions",
    "logs": "firebase functions:log"
  },
  "engines": {
    "node": "8"
  },
  "dependencies": {
    "firebase-admin": "^8.6.0",
    "firebase-functions": "^3.3.0",
    "request": "^2.88.2",
    "request-promise": "^4.2.5"
  },
  "devDependencies": {
    "eslint": "^5.12.0",
    "eslint-plugin-promise": "^4.0.1",
    "firebase-functions-test": "^0.1.6"
  },
  "private": true
}
[info] i  functions: ensuring necessary APIs are enabled...
[debug] [2020-04-12T11:43:13.673Z] >>> HTTP REQUEST GET https://serviceusage.googleapis.com/v1/projects/solfran-d9446/services/cloudfunctions.googleapis.com

[debug] [2020-04-12T11:43:13.674Z] >>> HTTP REQUEST GET https://serviceusage.googleapis.com/v1/projects/solfran-d9446/services/runtimeconfig.googleapis.com

[debug] [2020-04-12T11:43:15.353Z] <<< HTTP RESPONSE 200
[debug] [2020-04-12T11:43:15.432Z] <<< HTTP RESPONSE 200
[info] +  functions: all necessary APIs are enabled
[debug] [2020-04-12T11:43:15.441Z] >>> HTTP REQUEST GET https://firebase.googleapis.com/v1beta1/projects/solfran-d9446/adminSdkConfig

[debug] [2020-04-12T11:43:15.849Z] <<< HTTP RESPONSE 200
[debug] [2020-04-12T11:43:15.855Z] >>> HTTP REQUEST POST https://firebasehosting.googleapis.com/v1beta1/sites/solfran-d9446/versions

[debug] [2020-04-12T11:43:17.958Z] <<< HTTP RESPONSE 200
[debug] [2020-04-12T11:43:17.965Z] >>> HTTP REQUEST GET https://firebaserules.googleapis.com/v1/projects/solfran-d9446/releases?pageSize=10&pageToken=

[debug] [2020-04-12T11:43:17.966Z] >>> HTTP REQUEST GET https://firestore.googleapis.com/v1beta2/projects/solfran-d9446/databases/(default)/collectionGroups/-/indexes

[debug] [2020-04-12T11:43:18.559Z] <<< HTTP RESPONSE 200
[debug] [2020-04-12T11:43:18.561Z] >>> HTTP REQUEST GET https://firestore.googleapis.com/v1beta2/projects/solfran-d9446/databases/(default)/collectionGroups/-/fields?filter=indexConfig.usesAncestorConfig=false

[debug] [2020-04-12T11:43:19.161Z] <<< HTTP RESPONSE 200
[info] +  firestore: deployed indexes in firestore.indexes.json successfully
[debug] [2020-04-12T11:43:19.381Z] <<< HTTP RESPONSE 200
[debug] [2020-04-12T11:43:19.384Z] >>> HTTP REQUEST GET https://firebaserules.googleapis.com/v1/projects/solfran-d9446/rulesets/a5ad370b-2ba1-4a41-9a82-215b61934163

[debug] [2020-04-12T11:43:20.666Z] <<< HTTP RESPONSE 200
[info] i  firestore: latest version of firestore.rules already up to date, skipping upload...
[info] i  functions: preparing functions directory for uploading...
[debug] [2020-04-12T11:43:20.675Z] >>> HTTP REQUEST GET https://runtimeconfig.googleapis.com/v1beta1/projects/solfran-d9446/configs

[debug] [2020-04-12T11:43:21.870Z] <<< HTTP RESPONSE 200
[info] i  functions: packaged functions (43.48 KB) for uploading
[debug] [2020-04-12T11:43:22.575Z] >>> HTTP REQUEST POST https://cloudfunctions.googleapis.com/v1/projects/solfran-d9446/locations/us-central1/functions:generateUploadUrl

[debug] [2020-04-12T11:43:31.102Z] <<< HTTP RESPONSE 200
[debug] [2020-04-12T11:43:31.104Z] >>> HTTP REQUEST PUT https://storage.googleapis.com/gcf-upload-us-central1-aefab86b-6338-4a67-822d-da6fd2c5fc09/4d1995a0-fd30-4bd3-a619-c1ed1d728ff2.zip?GoogleAccessId=service-581302320315@gcf-admin-robot.iam.gserviceaccount.com&Expires=1586693602&Signature=esNtjrVLtt0CCuWDF7LYz0UMIX4vAGR4gfZs2w1PQnaPvwguBERiPcdcrmUoh9y7mb8u8LGx%2BJeQtjoAJ4kuuRjwmiCBpbOyg7swtMVVRf4ldaCjJnYzl5Je0s0k%2BbrfH4WWPkMrN4cNOBoPBGcLCmMATlpHJ2%2B8NlOn2MF9Gwr4zQZhRADHE0tdZjUoxXuYPZdaRZQ68lD4iHlj8naC9ADtix9CaqpzW0Q1iEjMcfhBIEDxHIgMFYtb6H5TTcJB%2BjIg4%2BGp5uus7Kz4pYJ%2F0Dt1%2FLsxNT3kXodR1NbDdwc7pTyqhs6IHJvmm18TurF6Q0w0FfAEB67K7ayVCcifJw%3D%3D
 <request body omitted>
[debug] [2020-04-12T11:43:31.498Z] <<< HTTP RESPONSE 200
[info] +  functions: functions folder uploaded successfully
[info] i  hosting[solfran-d9446]: beginning deploy...
[info] i  hosting[solfran-d9446]: found 36 files in build
[debug] [2020-04-12T11:43:31.604Z] [hosting] hash cache [YnVpbGQ] stored for 36 files
[debug] [2020-04-12T11:43:31.604Z] [hosting][hash queue][FINAL]
[debug] [2020-04-12T11:43:31.604Z] >>> HTTP REQUEST POST https://firebasehosting.googleapis.com/v1beta1/sites/solfran-d9446/versions/52c5d5644470edcf:populateFiles
 <request body omitted>
[debug] [2020-04-12T11:43:33.209Z] <<< HTTP RESPONSE 200
[debug] [2020-04-12T11:43:33.211Z] [hosting][populate queue][FINAL]
[debug] [2020-04-12T11:43:33.211Z] [hosting] uploads queued: 0
[debug] [2020-04-12T11:43:33.211Z] [hosting][upload queue][FINAL]
[info] +  hosting[solfran-d9446]: file upload complete
[debug] [2020-04-12T11:43:33.213Z] [hosting] deploy completed after 1710ms
[debug] [2020-04-12T11:43:33.495Z] [rules] releasing cloud.firestore with ruleset projects/solfran-d9446/rulesets/a5ad370b-2ba1-4a41-9a82-215b61934163
[debug] [2020-04-12T11:43:33.495Z] >>> HTTP REQUEST PATCH https://firebaserules.googleapis.com/v1/projects/solfran-d9446/releases/cloud.firestore

[debug] [2020-04-12T11:43:34.815Z] <<< HTTP RESPONSE 200
[debug] [2020-04-12T11:43:34.816Z] [rules] updated release projects/solfran-d9446/releases/cloud.firestore
[info] +  firestore: released rules firestore.rules to cloud.firestore
[debug] [2020-04-12T11:43:34.820Z] >>> HTTP REQUEST GET https://cloudfunctions.googleapis.com/v1/projects/solfran-d9446/locations/-/functions

[debug] [2020-04-12T11:43:55.833Z] [functions] failed to list functions for solfran-d9446
[debug] [2020-04-12T11:43:55.833Z] [functions] Server Error. connect ETIMEDOUT 172.217.16.10:443
[debug] [2020-04-12T11:43:56.192Z]
[error]
[error] Error: An unexpected error has occurred.