[debug] [2020-08-05T16:24:15.900Z] ----------------------------------------------------------------------
[debug] [2020-08-05T16:24:15.904Z] Command:       D:\Programs\nodejs\node.exe C:\Users\joann\AppData\Roaming\npm\node_modules\firebase-tools\lib\bin\firebase.js deploy
[debug] [2020-08-05T16:24:15.904Z] CLI Version:   7.16.2
[debug] [2020-08-05T16:24:15.904Z] Platform:      win32
[debug] [2020-08-05T16:24:15.904Z] Node Version:  v14.4.0
[debug] [2020-08-05T16:24:15.908Z] Time:          Wed Aug 05 2020 18:24:15 GMT+0200 (czas środkowoeuropejski letni)
[debug] [2020-08-05T16:24:15.909Z] ----------------------------------------------------------------------
[debug] [2020-08-05T16:24:15.909Z] 
[debug] [2020-08-05T16:24:15.950Z] > command requires scopes: ["email","openid","https://www.googleapis.com/auth/cloudplatformprojects.readonly","https://www.googleapis.com/auth/firebase","https://www.googleapis.com/auth/cloud-platform"]
[debug] [2020-08-05T16:24:15.951Z] > authorizing via signed-in user
[debug] [2020-08-05T16:24:15.951Z] [iam] checking project solfran-d9446 for permissions ["cloudfunctions.functions.create","cloudfunctions.functions.delete","cloudfunctions.functions.get","cloudfunctions.functions.list","cloudfunctions.functions.update","cloudfunctions.operations.get","datastore.indexes.create","datastore.indexes.delete","datastore.indexes.list","datastore.indexes.update","firebase.projects.get","firebasehosting.sites.update"]
[debug] [2020-08-05T16:24:15.954Z] > refreshing access token with scopes: ["email","https://www.googleapis.com/auth/cloud-platform","https://www.googleapis.com/auth/cloudplatformprojects.readonly","https://www.googleapis.com/auth/firebase","openid"]
[debug] [2020-08-05T16:24:15.955Z] >>> HTTP REQUEST POST https://www.googleapis.com/oauth2/v3/token  
 <request body omitted>
[debug] [2020-08-05T16:24:16.132Z] <<< HTTP RESPONSE 200
[debug] [2020-08-05T16:24:16.152Z] >>> HTTP REQUEST POST https://cloudresourcemanager.googleapis.com/v1/projects/solfran-d9446:testIamPermissions  

[debug] [2020-08-05T16:24:16.976Z] <<< HTTP RESPONSE 200
[debug] [2020-08-05T16:24:16.979Z] >>> HTTP REQUEST GET https://firebase.googleapis.com/v1beta1/projects/solfran-d9446  
 
[debug] [2020-08-05T16:24:17.292Z] <<< HTTP RESPONSE 200
[info] 
[info] === Deploying to 'solfran-d9446'...
[info] 
[info] i  deploying firestore, functions, hosting
[debug] [2020-08-05T16:24:17.420Z] TypeError [ERR_INVALID_ARG_TYPE]: The "path" argument must be of type string. Received undefined
    at validateString (internal/validators.js:121:11)
    at Object.join (path.js:375:7)
    at Config.path (C:\Users\joann\AppData\Roaming\npm\node_modules\firebase-tools\lib\config.js:149:39)
    at getChildEnvironment (C:\Users\joann\AppData\Roaming\npm\node_modules\firebase-tools\lib\deploy\lifecycleHooks.js:50:49)
    at runTargetCommands (C:\Users\joann\AppData\Roaming\npm\node_modules\firebase-tools\lib\deploy\lifecycleHooks.js:71:14)
    at C:\Users\joann\AppData\Roaming\npm\node_modules\firebase-tools\lib\deploy\lifecycleHooks.js:122:24
    at processTicksAndRejections (internal/process/task_queues.js:97:5)
[error] 
[error] Error: An unexpected error has occurred.
[debug] [2020-08-05T16:27:45.147Z] ----------------------------------------------------------------------
[debug] [2020-08-05T16:27:45.149Z] Command:       D:\Programs\nodejs\node.exe C:\Users\joann\AppData\Roaming\npm\node_modules\firebase-tools\lib\bin\firebase.js deploy
[debug] [2020-08-05T16:27:45.150Z] CLI Version:   7.16.2
[debug] [2020-08-05T16:27:45.150Z] Platform:      win32
[debug] [2020-08-05T16:27:45.150Z] Node Version:  v14.4.0
[debug] [2020-08-05T16:27:45.151Z] Time:          Wed Aug 05 2020 18:27:45 GMT+0200 (czas środkowoeuropejski letni)
[debug] [2020-08-05T16:27:45.151Z] ----------------------------------------------------------------------
[debug] [2020-08-05T16:27:45.151Z] 
[debug] [2020-08-05T16:27:45.163Z] > command requires scopes: ["email","openid","https://www.googleapis.com/auth/cloudplatformprojects.readonly","https://www.googleapis.com/auth/firebase","https://www.googleapis.com/auth/cloud-platform"]
[debug] [2020-08-05T16:27:45.164Z] > authorizing via signed-in user
[debug] [2020-08-05T16:27:45.164Z] [iam] checking project solfran-d9446 for permissions ["cloudfunctions.functions.create","cloudfunctions.functions.delete","cloudfunctions.functions.get","cloudfunctions.functions.list","cloudfunctions.functions.update","cloudfunctions.operations.get","datastore.indexes.create","datastore.indexes.delete","datastore.indexes.list","datastore.indexes.update","firebase.projects.get","firebasehosting.sites.update"]
[debug] [2020-08-05T16:27:45.169Z] >>> HTTP REQUEST POST https://cloudresourcemanager.googleapis.com/v1/projects/solfran-d9446:testIamPermissions  

[debug] [2020-08-05T16:27:45.973Z] <<< HTTP RESPONSE 200
[debug] [2020-08-05T16:27:45.977Z] >>> HTTP REQUEST GET https://firebase.googleapis.com/v1beta1/projects/solfran-d9446  
 
[debug] [2020-08-05T16:27:46.277Z] <<< HTTP RESPONSE 200
[info] 
[info] === Deploying to 'solfran-d9446'...
[info] 
[info] i  deploying firestore, functions, hosting
[debug] [2020-08-05T16:27:46.378Z] TypeError [ERR_INVALID_ARG_TYPE]: The "path" argument must be of type string. Received undefined
    at validateString (internal/validators.js:121:11)
    at Object.join (path.js:375:7)
    at Config.path (C:\Users\joann\AppData\Roaming\npm\node_modules\firebase-tools\lib\config.js:149:39)
    at getChildEnvironment (C:\Users\joann\AppData\Roaming\npm\node_modules\firebase-tools\lib\deploy\lifecycleHooks.js:50:49)
    at runTargetCommands (C:\Users\joann\AppData\Roaming\npm\node_modules\firebase-tools\lib\deploy\lifecycleHooks.js:71:14)
    at C:\Users\joann\AppData\Roaming\npm\node_modules\firebase-tools\lib\deploy\lifecycleHooks.js:122:24
    at processTicksAndRejections (internal/process/task_queues.js:97:5)
[error] 
[error] Error: An unexpected error has occurred.
